     1                                  section .data
     2 00000000 56697368616C206B6F-     	a db "Vishal kokane",10,0
     3 00000009 6B616E650A00       
     4 0000000F 50756E6520754E6976-     	c db "Pune uNiversity",10,0
     5 00000018 6572736974790A00   
     6 00000020 0A000000140000001E-     	First dd 10,20,30,40
     7 00000029 00000028000000     
     8 00000030 320000005A00000057-     	msg dd 50,90,87
     9 00000039 000000             
    10 0000003C 320000005A00000066-     	msg1 dd 50,90,870
    11 00000045 030000             
    12 00000048 070000000000000008-     	data1 dq 7,8,9,6,5,4
    13 00000051 000000000000000900-
    14 0000005A 000000000000060000-
    15 00000063 000000000005000000-
    16 0000006C 000000000400000000-
    17 00000075 000000             
    18 00000078 600000000000000041-     	dq 96,65,1,2,3
    19 00000081 000000000000000100-
    20 0000008A 000000000000020000-
    21 00000093 000000000003000000-
    22 0000009C 00000000           
    23                                  section .bss
    24 00000000 <res 00000014>          	no1 resd 5
    25 00000014 <res 0000000A>          	no3 resb 10
    26 0000001E <res 00000010>          	no2 resq 2
    27                                  section .text
    28                                  	extern printf
    29                                  	global main
    30                                  main:
    31 00000000 B9[00000000]            	mov ecx,a
    32 00000005 B819000000              	mov eax,25
    33                                  qp:
    34 0000000A 31DB                    	xor ebx,ebx
    35 0000000C 01C2                    	add edx,eax
    36 0000000E 88E0                    	mov al,ah
